TN:
SF:src\modules\appointments\services\CreateAppointmentService.ts
FN:40,Object.<anonymous>
FN:40,Object.<anonymous>.__decorate
FN:40,Object.<anonymous>.__metadata
FN:40,Object.<anonymous>.__param
FN:40,Object.<anonymous>.__awaiter
FN:40,adopt
FN:40,fulfilled
FN:40,rejected
FN:40,step
FN:40,Object.<anonymous>.__generator
FN:40,sent
FN:40,g.<computed>
FN:40,verb
FN:40,step
FN:40,Object.<anonymous>.__importDefault
FN:15,CreateAppointmentService
FN:20,Object.<anonymous>.CreateAppointmentService.execute
FNF:17
FNH:15
FNDA:1,Object.<anonymous>
FNDA:1,Object.<anonymous>.__decorate
FNDA:1,Object.<anonymous>.__metadata
FNDA:1,Object.<anonymous>.__param
FNDA:3,Object.<anonymous>.__awaiter
FNDA:5,adopt
FNDA:5,fulfilled
FNDA:0,rejected
FNDA:7,step
FNDA:3,Object.<anonymous>.__generator
FNDA:5,sent
FNDA:0,g.<computed>
FNDA:9,verb
FNDA:8,step
FNDA:1,Object.<anonymous>.__importDefault
FNDA:2,CreateAppointmentService
FNDA:3,Object.<anonymous>.CreateAppointmentService.execute
DA:1,1
DA:2,1
DA:3,1
DA:4,1
DA:5,1
DA:6,1
DA:7,1
DA:8,1
DA:9,1
DA:10,1
DA:11,1
DA:12,1
DA:13,1
DA:14,1
DA:15,1
DA:16,2
DA:17,2
DA:18,2
DA:19,1
DA:20,1
DA:21,3
DA:22,3
DA:23,3
DA:24,3
DA:25,3
DA:26,3
DA:27,3
DA:28,1
DA:29,1
DA:30,2
DA:31,2
DA:32,2
DA:33,2
DA:34,2
DA:35,3
DA:36,3
DA:37,3
DA:38,1
DA:39,1
DA:40,1
LF:40
LH:40
BRDA:40,0,0,1
BRDA:40,1,0,1
BRDA:40,2,0,1
BRDA:40,3,0,0
BRDA:40,4,0,0
BRDA:40,5,0,0
BRDA:40,6,0,0
BRDA:40,7,0,1
BRDA:40,8,0,1
BRDA:40,9,0,1
BRDA:40,10,0,3
BRDA:40,11,0,5
BRDA:40,12,0,0
BRDA:40,13,0,3
BRDA:40,14,0,5
BRDA:40,15,0,1
BRDA:40,16,0,7
BRDA:40,17,0,2
BRDA:40,18,0,5
BRDA:40,19,0,3
BRDA:40,20,0,5
BRDA:40,21,0,0
BRDA:40,22,0,9
BRDA:40,23,0,8
BRDA:40,24,0,8
BRDA:40,25,0,0
BRDA:40,26,0,16
BRDA:40,27,0,0
BRDA:40,28,0,0
BRDA:40,29,0,0
BRDA:40,30,0,0
BRDA:40,31,0,8
BRDA:40,32,0,8
BRDA:40,33,0,5
BRDA:40,34,0,0
BRDA:40,35,0,0
BRDA:40,36,0,3
BRDA:40,37,0,0
BRDA:40,38,0,2
BRDA:40,39,0,0
BRDA:40,40,0,0
BRDA:40,41,0,0
BRDA:40,42,0,0
BRDA:40,43,0,8
BRDA:40,44,0,1
BRDA:40,45,0,8
BRDA:40,46,0,3
BRDA:40,47,0,1
BRDA:40,48,0,2
BRDA:40,49,0,0
BRDA:40,50,0,1
BRDA:40,51,0,0
BRDA:14,52,0,1
BRDA:15,53,0,2
BRDA:20,54,0,3
BRDA:40,55,0,3
BRDA:40,56,0,8
BRDA:40,57,0,3
BRDA:40,58,0,3
BRDA:27,59,0,1
BRDA:29,60,0,2
BRDA:40,61,0,2
BRF:62
BRH:42
end_of_record
TN:
SF:src\modules\appointments\services\ListProvidersService.ts
FN:26,Object.<anonymous>
FN:26,Object.<anonymous>.__decorate
FN:26,Object.<anonymous>.__metadata
FN:26,Object.<anonymous>.__param
FN:26,Object.<anonymous>.__awaiter
FN:26,adopt
FN:26,fulfilled
FN:26,rejected
FN:26,step
FN:26,Object.<anonymous>.__generator
FN:26,sent
FN:26,g.<computed>
FN:26,verb
FN:26,step
FN:12,ListProvidersService
FN:17,Object.<anonymous>.ListProvidersService.execute
FNF:16
FNH:14
FNDA:1,Object.<anonymous>
FNDA:1,Object.<anonymous>.__decorate
FNDA:1,Object.<anonymous>.__metadata
FNDA:1,Object.<anonymous>.__param
FNDA:1,Object.<anonymous>.__awaiter
FNDA:1,adopt
FNDA:1,fulfilled
FNDA:0,rejected
FNDA:2,step
FNDA:1,Object.<anonymous>.__generator
FNDA:1,sent
FNDA:0,g.<computed>
FNDA:3,verb
FNDA:2,step
FNDA:1,ListProvidersService
FNDA:1,Object.<anonymous>.ListProvidersService.execute
DA:1,1
DA:2,1
DA:3,1
DA:4,1
DA:5,1
DA:6,1
DA:7,1
DA:8,1
DA:9,1
DA:10,1
DA:11,1
DA:12,1
DA:13,1
DA:14,1
DA:15,1
DA:16,1
DA:17,1
DA:18,1
DA:19,1
DA:20,1
DA:21,1
DA:22,1
DA:23,1
DA:24,1
DA:25,1
DA:26,1
LF:26
LH:26
BRDA:26,0,0,1
BRDA:26,1,0,1
BRDA:26,2,0,1
BRDA:26,3,0,0
BRDA:26,4,0,0
BRDA:26,5,0,0
BRDA:26,6,0,0
BRDA:26,7,0,1
BRDA:26,8,0,1
BRDA:26,9,0,1
BRDA:26,10,0,1
BRDA:26,11,0,1
BRDA:26,12,0,0
BRDA:26,13,0,1
BRDA:26,14,0,1
BRDA:26,15,0,0
BRDA:26,16,0,2
BRDA:26,17,0,1
BRDA:26,18,0,1
BRDA:26,19,0,1
BRDA:26,20,0,1
BRDA:26,21,0,0
BRDA:26,22,0,3
BRDA:26,23,0,2
BRDA:26,24,0,2
BRDA:26,25,0,0
BRDA:26,26,0,4
BRDA:26,27,0,0
BRDA:26,28,0,0
BRDA:26,29,0,0
BRDA:26,30,0,0
BRDA:26,31,0,2
BRDA:26,32,0,2
BRDA:26,33,0,1
BRDA:26,34,0,0
BRDA:26,35,0,0
BRDA:26,36,0,1
BRDA:26,37,0,0
BRDA:26,38,0,0
BRDA:26,39,0,0
BRDA:26,40,0,0
BRDA:26,41,0,0
BRDA:26,42,0,2
BRDA:26,43,0,0
BRDA:26,44,0,2
BRDA:26,45,0,1
BRDA:26,46,0,0
BRDA:26,47,0,1
BRDA:26,48,0,0
BRDA:11,49,0,1
BRDA:12,50,0,1
BRDA:17,51,0,1
BRDA:26,52,0,1
BRDA:26,53,0,2
BRDA:18,54,0,1
BRDA:26,55,0,1
BRF:56
BRH:34
end_of_record
TN:
SF:src\modules\users\services\AuthenticateUserService.ts
FN:54,Object.<anonymous>
FN:54,Object.<anonymous>.__decorate
FN:54,Object.<anonymous>.__metadata
FN:54,Object.<anonymous>.__param
FN:54,Object.<anonymous>.__awaiter
FN:54,adopt
FN:54,fulfilled
FN:54,rejected
FN:54,step
FN:54,Object.<anonymous>.__generator
FN:54,sent
FN:54,g.<computed>
FN:54,verb
FN:54,step
FN:54,Object.<anonymous>.__importDefault
FN:23,AuthenticateUserService
FN:30,Object.<anonymous>.AuthenticateUserService.execute
FNF:17
FNH:15
FNDA:1,Object.<anonymous>
FNDA:1,Object.<anonymous>.__decorate
FNDA:1,Object.<anonymous>.__metadata
FNDA:2,Object.<anonymous>.__param
FNDA:3,Object.<anonymous>.__awaiter
FNDA:5,adopt
FNDA:5,fulfilled
FNDA:0,rejected
FNDA:6,step
FNDA:3,Object.<anonymous>.__generator
FNDA:5,sent
FNDA:0,g.<computed>
FNDA:9,verb
FNDA:8,step
FNDA:2,Object.<anonymous>.__importDefault
FNDA:3,AuthenticateUserService
FNDA:3,Object.<anonymous>.AuthenticateUserService.execute
DA:1,1
DA:2,1
DA:3,1
DA:4,1
DA:5,1
DA:6,1
DA:7,1
DA:8,1
DA:9,1
DA:10,1
DA:11,1
DA:12,1
DA:13,1
DA:14,1
DA:15,1
DA:16,1
DA:17,1
DA:18,1
DA:19,1
DA:20,1
DA:21,1
DA:22,1
DA:23,1
DA:24,3
DA:25,3
DA:26,3
DA:27,3
DA:28,3
DA:29,1
DA:30,1
DA:31,3
DA:32,3
DA:33,3
DA:34,2
DA:35,2
DA:36,2
DA:37,2
DA:38,2
DA:39,3
DA:40,3
DA:41,3
DA:42,1
DA:43,1
DA:44,1
DA:45,1
DA:46,1
DA:47,1
DA:48,1
DA:49,1
DA:50,1
DA:51,3
DA:52,1
DA:53,1
DA:54,1
LF:54
LH:54
BRDA:54,0,0,1
BRDA:54,1,0,1
BRDA:54,2,0,1
BRDA:54,3,0,0
BRDA:54,4,0,0
BRDA:54,5,0,0
BRDA:54,6,0,0
BRDA:54,7,0,1
BRDA:54,8,0,2
BRDA:54,9,0,2
BRDA:54,10,0,3
BRDA:54,11,0,5
BRDA:54,12,0,0
BRDA:54,13,0,3
BRDA:54,14,0,5
BRDA:54,15,0,2
BRDA:54,16,0,6
BRDA:54,17,0,1
BRDA:54,18,0,5
BRDA:54,19,0,3
BRDA:54,20,0,5
BRDA:54,21,0,0
BRDA:54,22,0,9
BRDA:54,23,0,8
BRDA:54,24,0,8
BRDA:54,25,0,0
BRDA:54,26,0,16
BRDA:54,27,0,0
BRDA:54,28,0,0
BRDA:54,29,0,0
BRDA:54,30,0,0
BRDA:54,31,0,8
BRDA:54,32,0,8
BRDA:54,33,0,5
BRDA:54,34,0,0
BRDA:54,35,0,0
BRDA:54,36,0,3
BRDA:54,37,0,0
BRDA:54,38,0,1
BRDA:54,39,0,0
BRDA:54,40,0,0
BRDA:54,41,0,0
BRDA:54,42,0,0
BRDA:54,43,0,8
BRDA:54,44,0,2
BRDA:54,45,0,8
BRDA:54,46,0,3
BRDA:54,47,0,2
BRDA:54,48,0,1
BRDA:54,49,0,0
BRDA:54,50,0,2
BRDA:54,51,0,0
BRDA:22,52,0,1
BRDA:23,53,0,3
BRDA:30,54,0,3
BRDA:54,55,0,3
BRDA:54,56,0,8
BRDA:31,57,0,3
BRDA:54,58,0,3
BRDA:33,59,0,1
BRDA:33,60,0,2
BRDA:54,61,0,2
BRDA:41,62,0,1
BRF:63
BRH:43
end_of_record
TN:
SF:src\modules\users\services\CreateUserService.ts
FN:41,Object.<anonymous>
FN:41,Object.<anonymous>.__decorate
FN:41,Object.<anonymous>.__metadata
FN:41,Object.<anonymous>.__param
FN:41,Object.<anonymous>.__awaiter
FN:41,adopt
FN:41,fulfilled
FN:41,rejected
FN:41,step
FN:41,Object.<anonymous>.__generator
FN:41,sent
FN:41,g.<computed>
FN:41,verb
FN:41,step
FN:41,Object.<anonymous>.__importDefault
FN:16,CreateUserService
FN:23,Object.<anonymous>.CreateUserService.execute
FNF:17
FNH:15
FNDA:2,Object.<anonymous>
FNDA:2,Object.<anonymous>.__decorate
FNDA:2,Object.<anonymous>.__metadata
FNDA:4,Object.<anonymous>.__param
FNDA:5,Object.<anonymous>.__awaiter
FNDA:13,adopt
FNDA:13,fulfilled
FNDA:0,rejected
FNDA:17,step
FNDA:5,Object.<anonymous>.__generator
FNDA:13,sent
FNDA:0,g.<computed>
FNDA:15,verb
FNDA:18,step
FNDA:4,Object.<anonymous>.__importDefault
FNDA:5,CreateUserService
FNDA:5,Object.<anonymous>.CreateUserService.execute
DA:1,1
DA:2,1
DA:3,1
DA:4,1
DA:5,1
DA:6,1
DA:7,1
DA:8,1
DA:9,1
DA:10,1
DA:11,1
DA:12,1
DA:13,1
DA:14,1
DA:15,2
DA:16,2
DA:17,5
DA:18,5
DA:19,5
DA:20,5
DA:21,5
DA:22,2
DA:23,2
DA:24,5
DA:25,5
DA:26,5
DA:27,5
DA:28,4
DA:29,4
DA:30,5
DA:31,5
DA:32,5
DA:33,5
DA:34,5
DA:35,5
DA:36,5
DA:37,5
DA:38,5
DA:39,2
DA:40,1
DA:41,1
LF:41
LH:41
BRDA:41,0,0,2
BRDA:41,1,0,2
BRDA:41,2,0,2
BRDA:41,3,0,0
BRDA:41,4,0,0
BRDA:41,5,0,0
BRDA:41,6,0,0
BRDA:41,7,0,2
BRDA:41,8,0,4
BRDA:41,9,0,4
BRDA:41,10,0,5
BRDA:41,11,0,13
BRDA:41,12,0,0
BRDA:41,13,0,5
BRDA:41,14,0,13
BRDA:41,15,0,1
BRDA:41,16,0,17
BRDA:41,17,0,4
BRDA:41,18,0,13
BRDA:41,19,0,5
BRDA:41,20,0,13
BRDA:41,21,0,0
BRDA:41,22,0,15
BRDA:41,23,0,18
BRDA:41,24,0,18
BRDA:41,25,0,0
BRDA:41,26,0,36
BRDA:41,27,0,0
BRDA:41,28,0,0
BRDA:41,29,0,0
BRDA:41,30,0,0
BRDA:41,31,0,18
BRDA:41,32,0,18
BRDA:41,33,0,13
BRDA:41,34,0,0
BRDA:41,35,0,0
BRDA:41,36,0,5
BRDA:41,37,0,0
BRDA:41,38,0,4
BRDA:41,39,0,0
BRDA:41,40,0,0
BRDA:41,41,0,0
BRDA:41,42,0,0
BRDA:41,43,0,18
BRDA:41,44,0,1
BRDA:41,45,0,18
BRDA:41,46,0,5
BRDA:41,47,0,1
BRDA:41,48,0,4
BRDA:41,49,0,0
BRDA:41,50,0,4
BRDA:41,51,0,0
BRDA:15,52,0,2
BRDA:16,53,0,5
BRDA:23,54,0,5
BRDA:41,55,0,5
BRDA:41,56,0,18
BRDA:24,57,0,5
BRDA:41,58,0,5
BRDA:27,59,0,1
BRDA:27,60,0,4
BRDA:41,61,0,4
BRDA:41,62,0,4
BRF:63
BRH:43
end_of_record
TN:
SF:src\modules\users\services\ResetPasswordService.ts
FN:46,Object.<anonymous>
FN:46,Object.<anonymous>.__decorate
FN:46,Object.<anonymous>.__metadata
FN:46,Object.<anonymous>.__param
FN:46,Object.<anonymous>.__awaiter
FN:46,adopt
FN:46,fulfilled
FN:46,rejected
FN:46,step
FN:46,Object.<anonymous>.__generator
FN:46,sent
FN:46,g.<computed>
FN:46,verb
FN:46,step
FN:46,Object.<anonymous>.__importDefault
FN:16,SendForgotPasswordEmailService
FN:25,Object.<anonymous>.SendForgotPasswordEmailService.execute
FNF:17
FNH:15
FNDA:1,Object.<anonymous>
FNDA:1,Object.<anonymous>.__decorate
FNDA:1,Object.<anonymous>.__metadata
FNDA:3,Object.<anonymous>.__param
FNDA:4,Object.<anonymous>.__awaiter
FNDA:9,adopt
FNDA:9,fulfilled
FNDA:0,rejected
FNDA:10,step
FNDA:4,Object.<anonymous>.__generator
FNDA:9,sent
FNDA:0,g.<computed>
FNDA:12,verb
FNDA:13,step
FNDA:1,Object.<anonymous>.__importDefault
FNDA:4,SendForgotPasswordEmailService
FNDA:4,Object.<anonymous>.SendForgotPasswordEmailService.execute
DA:1,1
DA:2,1
DA:3,1
DA:4,1
DA:5,1
DA:6,1
DA:7,1
DA:8,1
DA:9,1
DA:10,1
DA:11,1
DA:12,1
DA:13,1
DA:14,1
DA:15,1
DA:16,1
DA:17,4
DA:18,4
DA:19,4
DA:20,4
DA:21,4
DA:22,4
DA:23,4
DA:24,1
DA:25,1
DA:26,4
DA:27,4
DA:28,4
DA:29,3
DA:30,4
DA:31,4
DA:32,4
DA:33,2
DA:34,2
DA:35,2
DA:36,2
DA:37,2
DA:38,4
DA:39,1
DA:40,1
DA:41,4
DA:42,4
DA:43,4
DA:44,1
DA:45,1
DA:46,1
LF:46
LH:46
BRDA:46,0,0,1
BRDA:46,1,0,1
BRDA:46,2,0,1
BRDA:46,3,0,0
BRDA:46,4,0,0
BRDA:46,5,0,0
BRDA:46,6,0,0
BRDA:46,7,0,1
BRDA:46,8,0,3
BRDA:46,9,0,3
BRDA:46,10,0,4
BRDA:46,11,0,9
BRDA:46,12,0,0
BRDA:46,13,0,4
BRDA:46,14,0,9
BRDA:46,15,0,3
BRDA:46,16,0,10
BRDA:46,17,0,1
BRDA:46,18,0,9
BRDA:46,19,0,4
BRDA:46,20,0,9
BRDA:46,21,0,0
BRDA:46,22,0,12
BRDA:46,23,0,13
BRDA:46,24,0,13
BRDA:46,25,0,0
BRDA:46,26,0,26
BRDA:46,27,0,0
BRDA:46,28,0,0
BRDA:46,29,0,0
BRDA:46,30,0,0
BRDA:46,31,0,13
BRDA:46,32,0,13
BRDA:46,33,0,9
BRDA:46,34,0,0
BRDA:46,35,0,0
BRDA:46,36,0,4
BRDA:46,37,0,0
BRDA:46,38,0,1
BRDA:46,39,0,0
BRDA:46,40,0,0
BRDA:46,41,0,0
BRDA:46,42,0,0
BRDA:46,43,0,13
BRDA:46,44,0,3
BRDA:46,45,0,13
BRDA:46,46,0,4
BRDA:46,47,0,3
BRDA:46,48,0,1
BRDA:46,49,0,0
BRDA:46,50,0,1
BRDA:46,51,0,0
BRDA:15,52,0,1
BRDA:16,53,0,4
BRDA:25,54,0,4
BRDA:46,55,0,4
BRDA:46,56,0,13
BRDA:26,57,0,4
BRDA:46,58,0,4
BRDA:28,59,0,1
BRDA:28,60,0,3
BRDA:30,61,0,0
BRDA:30,62,0,3
BRDA:46,63,0,3
BRDA:32,64,0,1
BRDA:32,65,0,2
BRDA:38,66,0,1
BRDA:46,67,0,1
BRDA:46,68,0,1
BRF:69
BRH:48
end_of_record
TN:
SF:src\modules\users\services\SendForgotPasswordEmailService.ts
FN:56,Object.<anonymous>
FN:56,Object.<anonymous>.__decorate
FN:56,Object.<anonymous>.__metadata
FN:56,Object.<anonymous>.__param
FN:56,Object.<anonymous>.__awaiter
FN:56,adopt
FN:56,fulfilled
FN:56,rejected
FN:56,step
FN:56,Object.<anonymous>.__generator
FN:56,sent
FN:56,g.<computed>
FN:56,verb
FN:56,step
FN:56,Object.<anonymous>.__importDefault
FN:16,SendForgotPasswordEmailService
FN:25,Object.<anonymous>.SendForgotPasswordEmailService.execute
FNF:17
FNH:15
FNDA:1,Object.<anonymous>
FNDA:1,Object.<anonymous>.__decorate
FNDA:1,Object.<anonymous>.__metadata
FNDA:3,Object.<anonymous>.__param
FNDA:3,Object.<anonymous>.__awaiter
FNDA:7,adopt
FNDA:7,fulfilled
FNDA:0,rejected
FNDA:9,step
FNDA:3,Object.<anonymous>.__generator
FNDA:7,sent
FNDA:0,g.<computed>
FNDA:9,verb
FNDA:10,step
FNDA:2,Object.<anonymous>.__importDefault
FNDA:3,SendForgotPasswordEmailService
FNDA:3,Object.<anonymous>.SendForgotPasswordEmailService.execute
DA:1,1
DA:2,1
DA:3,1
DA:4,1
DA:5,1
DA:6,1
DA:7,1
DA:8,1
DA:9,1
DA:10,1
DA:11,1
DA:12,1
DA:13,1
DA:14,1
DA:15,1
DA:16,1
DA:17,3
DA:18,3
DA:19,3
DA:20,3
DA:21,3
DA:22,3
DA:23,3
DA:24,1
DA:25,1
DA:26,3
DA:27,3
DA:28,3
DA:29,2
DA:30,2
DA:31,3
DA:32,3
DA:33,3
DA:34,3
DA:35,3
DA:36,3
DA:37,3
DA:38,3
DA:39,3
DA:40,3
DA:41,3
DA:42,3
DA:43,3
DA:44,3
DA:45,3
DA:46,3
DA:47,3
DA:48,3
DA:49,3
DA:50,3
DA:51,3
DA:52,3
DA:53,3
DA:54,1
DA:55,1
DA:56,1
LF:56
LH:56
BRDA:56,0,0,1
BRDA:56,1,0,1
BRDA:56,2,0,1
BRDA:56,3,0,0
BRDA:56,4,0,0
BRDA:56,5,0,0
BRDA:56,6,0,0
BRDA:56,7,0,1
BRDA:56,8,0,3
BRDA:56,9,0,3
BRDA:56,10,0,3
BRDA:56,11,0,7
BRDA:56,12,0,0
BRDA:56,13,0,3
BRDA:56,14,0,7
BRDA:56,15,0,1
BRDA:56,16,0,9
BRDA:56,17,0,2
BRDA:56,18,0,7
BRDA:56,19,0,3
BRDA:56,20,0,7
BRDA:56,21,0,0
BRDA:56,22,0,9
BRDA:56,23,0,10
BRDA:56,24,0,10
BRDA:56,25,0,0
BRDA:56,26,0,20
BRDA:56,27,0,0
BRDA:56,28,0,0
BRDA:56,29,0,0
BRDA:56,30,0,0
BRDA:56,31,0,10
BRDA:56,32,0,10
BRDA:56,33,0,7
BRDA:56,34,0,0
BRDA:56,35,0,0
BRDA:56,36,0,3
BRDA:56,37,0,0
BRDA:56,38,0,2
BRDA:56,39,0,0
BRDA:56,40,0,0
BRDA:56,41,0,0
BRDA:56,42,0,0
BRDA:56,43,0,10
BRDA:56,44,0,1
BRDA:56,45,0,10
BRDA:56,46,0,3
BRDA:56,47,0,1
BRDA:56,48,0,2
BRDA:56,49,0,0
BRDA:56,50,0,2
BRDA:56,51,0,1
BRDA:56,52,0,1
BRDA:15,53,0,1
BRDA:16,54,0,3
BRDA:25,55,0,3
BRDA:56,56,0,3
BRDA:56,57,0,10
BRDA:26,58,0,3
BRDA:56,59,0,3
BRDA:28,60,0,1
BRDA:28,61,0,2
BRDA:56,62,0,2
BRDA:56,63,0,2
BRF:64
BRH:45
end_of_record
TN:
SF:src\modules\users\services\ShowProfileService.ts
FN:23,Object.<anonymous>
FN:23,Object.<anonymous>.__decorate
FN:23,Object.<anonymous>.__metadata
FN:23,Object.<anonymous>.__param
FN:23,Object.<anonymous>.__awaiter
FN:23,adopt
FN:23,fulfilled
FN:23,rejected
FN:23,step
FN:23,Object.<anonymous>.__generator
FN:23,sent
FN:23,g.<computed>
FN:23,verb
FN:23,step
FN:23,Object.<anonymous>.__importDefault
FN:9,ShowProfileService
FN:14,Object.<anonymous>.ShowProfileService.execute
FNF:17
FNH:15
FNDA:1,Object.<anonymous>
FNDA:1,Object.<anonymous>.__decorate
FNDA:1,Object.<anonymous>.__metadata
FNDA:1,Object.<anonymous>.__param
FNDA:2,Object.<anonymous>.__awaiter
FNDA:2,adopt
FNDA:2,fulfilled
FNDA:0,rejected
FNDA:3,step
FNDA:2,Object.<anonymous>.__generator
FNDA:2,sent
FNDA:0,g.<computed>
FNDA:6,verb
FNDA:4,step
FNDA:1,Object.<anonymous>.__importDefault
FNDA:2,ShowProfileService
FNDA:2,Object.<anonymous>.ShowProfileService.execute
DA:1,1
DA:2,1
DA:3,1
DA:4,1
DA:5,1
DA:6,1
DA:7,1
DA:8,1
DA:9,1
DA:10,2
DA:11,2
DA:12,2
DA:13,1
DA:14,1
DA:15,2
DA:16,2
DA:17,2
DA:18,1
DA:19,1
DA:20,2
DA:21,1
DA:22,1
DA:23,1
LF:23
LH:23
BRDA:23,0,0,1
BRDA:23,1,0,1
BRDA:23,2,0,1
BRDA:23,3,0,0
BRDA:23,4,0,0
BRDA:23,5,0,0
BRDA:23,6,0,0
BRDA:23,7,0,1
BRDA:23,8,0,1
BRDA:23,9,0,1
BRDA:23,10,0,2
BRDA:23,11,0,2
BRDA:23,12,0,0
BRDA:23,13,0,2
BRDA:23,14,0,2
BRDA:23,15,0,1
BRDA:23,16,0,3
BRDA:23,17,0,1
BRDA:23,18,0,2
BRDA:23,19,0,2
BRDA:23,20,0,2
BRDA:23,21,0,0
BRDA:23,22,0,6
BRDA:23,23,0,4
BRDA:23,24,0,4
BRDA:23,25,0,0
BRDA:23,26,0,8
BRDA:23,27,0,0
BRDA:23,28,0,0
BRDA:23,29,0,0
BRDA:23,30,0,0
BRDA:23,31,0,4
BRDA:23,32,0,4
BRDA:23,33,0,2
BRDA:23,34,0,0
BRDA:23,35,0,0
BRDA:23,36,0,2
BRDA:23,37,0,0
BRDA:23,38,0,1
BRDA:23,39,0,0
BRDA:23,40,0,0
BRDA:23,41,0,0
BRDA:23,42,0,0
BRDA:23,43,0,4
BRDA:23,44,0,1
BRDA:23,45,0,4
BRDA:23,46,0,2
BRDA:23,47,0,1
BRDA:23,48,0,0
BRDA:23,49,0,1
BRDA:23,50,0,0
BRDA:8,51,0,1
BRDA:9,52,0,2
BRDA:14,53,0,2
BRDA:23,54,0,2
BRDA:23,55,0,4
BRDA:15,56,0,2
BRDA:23,57,0,2
BRDA:17,58,0,1
BRF:59
BRH:39
end_of_record
TN:
SF:src\modules\users\services\UpdateProfileService.ts
FN:64,Object.<anonymous>
FN:64,Object.<anonymous>.__decorate
FN:64,Object.<anonymous>.__metadata
FN:64,Object.<anonymous>.__param
FN:64,Object.<anonymous>.__awaiter
FN:64,adopt
FN:64,fulfilled
FN:64,rejected
FN:64,step
FN:64,Object.<anonymous>.__generator
FN:64,sent
FN:64,g.<computed>
FN:64,verb
FN:64,step
FN:64,Object.<anonymous>.__importDefault
FN:18,UpdateProfileService
FN:25,Object.<anonymous>.UpdateProfileService.execute
FNF:17
FNH:15
FNDA:1,Object.<anonymous>
FNDA:1,Object.<anonymous>.__decorate
FNDA:1,Object.<anonymous>.__metadata
FNDA:2,Object.<anonymous>.__param
FNDA:6,Object.<anonymous>.__awaiter
FNDA:14,adopt
FNDA:14,fulfilled
FNDA:0,rejected
FNDA:16,step
FNDA:6,Object.<anonymous>.__generator
FNDA:14,sent
FNDA:0,g.<computed>
FNDA:18,verb
FNDA:20,step
FNDA:1,Object.<anonymous>.__importDefault
FNDA:6,UpdateProfileService
FNDA:6,Object.<anonymous>.UpdateProfileService.execute
DA:1,1
DA:2,1
DA:3,1
DA:4,1
DA:5,1
DA:6,1
DA:7,1
DA:8,1
DA:9,1
DA:10,1
DA:11,1
DA:12,1
DA:13,1
DA:14,1
DA:15,1
DA:16,1
DA:17,1
DA:18,1
DA:19,6
DA:20,6
DA:21,6
DA:22,6
DA:23,6
DA:24,1
DA:25,1
DA:26,6
DA:27,6
DA:28,6
DA:29,6
DA:30,6
DA:31,6
DA:32,6
DA:33,6
DA:34,6
DA:35,5
DA:36,5
DA:37,6
DA:38,6
DA:39,6
DA:40,4
DA:41,6
DA:42,6
DA:43,1
DA:44,1
DA:45,3
DA:46,6
DA:47,2
DA:48,2
DA:49,2
DA:50,2
DA:51,6
DA:52,6
DA:53,1
DA:54,1
DA:55,6
DA:56,6
DA:57,6
DA:58,6
DA:59,6
DA:60,6
DA:61,6
DA:62,1
DA:63,1
DA:64,1
LF:64
LH:64
BRDA:64,0,0,1
BRDA:64,1,0,1
BRDA:64,2,0,1
BRDA:64,3,0,0
BRDA:64,4,0,0
BRDA:64,5,0,0
BRDA:64,6,0,0
BRDA:64,7,0,1
BRDA:64,8,0,2
BRDA:64,9,0,2
BRDA:64,10,0,6
BRDA:64,11,0,14
BRDA:64,12,0,0
BRDA:64,13,0,6
BRDA:64,14,0,14
BRDA:64,15,0,4
BRDA:64,16,0,16
BRDA:64,17,0,2
BRDA:64,18,0,14
BRDA:64,19,0,6
BRDA:64,20,0,14
BRDA:64,21,0,0
BRDA:64,22,0,18
BRDA:64,23,0,20
BRDA:64,24,0,20
BRDA:64,25,0,0
BRDA:64,26,0,41
BRDA:64,27,0,0
BRDA:64,28,0,0
BRDA:64,29,0,0
BRDA:64,30,0,0
BRDA:64,31,0,20
BRDA:64,32,0,20
BRDA:64,33,0,14
BRDA:64,34,0,0
BRDA:64,35,0,0
BRDA:64,36,0,7
BRDA:64,37,0,0
BRDA:64,38,0,3
BRDA:64,39,0,6
BRDA:64,40,0,1
BRDA:64,41,0,0
BRDA:64,42,0,1
BRDA:64,43,0,0
BRDA:64,44,0,0
BRDA:64,45,0,0
BRDA:64,46,0,21
BRDA:64,47,0,4
BRDA:64,48,0,21
BRDA:64,49,0,6
BRDA:64,50,0,4
BRDA:64,51,0,2
BRDA:64,52,0,0
BRDA:64,53,0,1
BRDA:64,54,0,0
BRDA:17,55,0,1
BRDA:18,56,0,6
BRDA:25,57,0,6
BRDA:64,58,0,6
BRDA:64,59,0,21
BRDA:32,60,0,6
BRDA:64,61,0,6
BRDA:34,62,0,1
BRDA:34,63,0,5
BRDA:64,64,0,5
BRDA:38,65,0,3
BRDA:39,66,0,1
BRDA:39,67,0,4
BRDA:41,68,0,3
BRDA:42,69,0,1
BRDA:44,70,0,3
BRDA:46,71,0,2
BRDA:46,72,0,1
BRDA:46,73,0,2
BRDA:64,74,0,2
BRDA:52,75,0,1
BRDA:64,76,0,1
BRDA:64,77,0,2
BRF:78
BRH:58
end_of_record
TN:
SF:src\modules\users\services\UpdateUserAvatarService.ts
FN:43,Object.<anonymous>
FN:43,Object.<anonymous>.__decorate
FN:43,Object.<anonymous>.__metadata
FN:43,Object.<anonymous>.__param
FN:43,Object.<anonymous>.__awaiter
FN:43,adopt
FN:43,fulfilled
FN:43,rejected
FN:43,step
FN:43,Object.<anonymous>.__generator
FN:43,sent
FN:43,g.<computed>
FN:43,verb
FN:43,step
FN:43,Object.<anonymous>.__importDefault
FN:15,UpdateUserAvatarService
FN:22,Object.<anonymous>.UpdateUserAvatarService.execute
FNF:17
FNH:15
FNDA:1,Object.<anonymous>
FNDA:1,Object.<anonymous>.__decorate
FNDA:1,Object.<anonymous>.__metadata
FNDA:2,Object.<anonymous>.__param
FNDA:4,Object.<anonymous>.__awaiter
FNDA:11,adopt
FNDA:11,fulfilled
FNDA:0,rejected
FNDA:14,step
FNDA:4,Object.<anonymous>.__generator
FNDA:11,sent
FNDA:0,g.<computed>
FNDA:12,verb
FNDA:15,step
FNDA:1,Object.<anonymous>.__importDefault
FNDA:3,UpdateUserAvatarService
FNDA:4,Object.<anonymous>.UpdateUserAvatarService.execute
DA:1,1
DA:2,1
DA:3,1
DA:4,1
DA:5,1
DA:6,1
DA:7,1
DA:8,1
DA:9,1
DA:10,1
DA:11,1
DA:12,1
DA:13,1
DA:14,1
DA:15,1
DA:16,3
DA:17,3
DA:18,3
DA:19,3
DA:20,3
DA:21,1
DA:22,1
DA:23,4
DA:24,4
DA:25,4
DA:26,1
DA:27,1
DA:28,3
DA:29,3
DA:30,1
DA:31,4
DA:32,4
DA:33,4
DA:34,4
DA:35,4
DA:36,4
DA:37,4
DA:38,4
DA:39,4
DA:40,4
DA:41,1
DA:42,1
DA:43,1
LF:43
LH:43
BRDA:43,0,0,1
BRDA:43,1,0,1
BRDA:43,2,0,1
BRDA:43,3,0,0
BRDA:43,4,0,0
BRDA:43,5,0,0
BRDA:43,6,0,0
BRDA:43,7,0,1
BRDA:43,8,0,2
BRDA:43,9,0,2
BRDA:43,10,0,4
BRDA:43,11,0,11
BRDA:43,12,0,0
BRDA:43,13,0,4
BRDA:43,14,0,11
BRDA:43,15,0,1
BRDA:43,16,0,14
BRDA:43,17,0,3
BRDA:43,18,0,11
BRDA:43,19,0,4
BRDA:43,20,0,11
BRDA:43,21,0,0
BRDA:43,22,0,12
BRDA:43,23,0,15
BRDA:43,24,0,15
BRDA:43,25,0,0
BRDA:43,26,0,32
BRDA:43,27,0,0
BRDA:43,28,0,0
BRDA:43,29,0,0
BRDA:43,30,0,0
BRDA:43,31,0,15
BRDA:43,32,0,15
BRDA:43,33,0,11
BRDA:43,34,0,0
BRDA:43,35,0,0
BRDA:43,36,0,6
BRDA:43,37,0,0
BRDA:43,38,0,5
BRDA:43,39,0,4
BRDA:43,40,0,2
BRDA:43,41,0,0
BRDA:43,42,0,2
BRDA:43,43,0,0
BRDA:43,44,0,0
BRDA:43,45,0,0
BRDA:43,46,0,17
BRDA:43,47,0,1
BRDA:43,48,0,17
BRDA:43,49,0,4
BRDA:43,50,0,1
BRDA:43,51,0,3
BRDA:43,52,0,0
BRDA:43,53,0,1
BRDA:43,54,0,0
BRDA:14,55,0,1
BRDA:15,56,0,3
BRDA:22,57,0,4
BRDA:43,58,0,4
BRDA:43,59,0,17
BRDA:23,60,0,4
BRDA:43,61,0,4
BRDA:25,62,0,1
BRDA:27,63,0,3
BRDA:29,64,0,2
BRDA:29,65,0,1
BRDA:43,66,0,1
BRDA:33,67,0,3
BRDA:43,68,0,3
BRDA:43,69,0,3
BRF:70
BRH:50
end_of_record
